<?xml version="1.0" encoding="UTF-8"?>
<testsuite xmlns:xsi="http://www.w3.org/2001/XMLSchema-instance" xsi:noNamespaceSchemaLocation="https://maven.apache.org/surefire/maven-surefire-plugin/xsd/surefire-test-report-3.0.xsd" version="3.0" name="com.dailydash.service.TaskDataServiceTest" time="0.861" tests="9" errors="0" skipped="0" failures="0">
  <properties>
[...]
</properties>
  <testcase name="testAutomationEngine" classname="com.dailydash.service.TaskDataServiceTest" time="0.039">
    <system-out><![CDATA[Database initialized successfully.
]]></system-out>
    <system-err><![CDATA[SLF4J: Failed to load class "org.slf4j.impl.StaticLoggerBinder".
SLF4J: Defaulting to no-operation (NOP) logger implementation
SLF4J: See http://www.slf4j.org/codes.html#StaticLoggerBinder for further details.
]]></system-err>
  </testcase>
  <testcase name="testIconUtilThemeAwareness" classname="com.dailydash.service.TaskDataServiceTest" time="0.224"/>
  <testcase name="testSettingsPersistence" classname="com.dailydash.service.TaskDataServiceTest" time="0.011"/>
  <testcase name="testUrgentPriorityTaskPersistence" classname="com.dailydash.service.TaskDataServiceTest" time="0.016"/>
  <testcase name="testStarredProjects" classname="com.dailydash.service.TaskDataServiceTest" time="0.014"/>
  <testcase name="testReorderTaskPlaceAfterAndSameColumn" classname="com.dailydash.service.TaskDataServiceTest" time="0.043"/>
  <testcase name="testFxmlLoading" classname="com.dailydash.service.TaskDataServiceTest" time="0.315">
    <system-err><![CDATA[jul. 08, 2026 7:14:37 DA TARDE com.sun.javafx.application.PlatformImpl startup
WARNING: Unsupported JavaFX configuration: classes were loaded from 'unnamed module @12cdcf4'
]]></system-err>
  </testcase>
  <testcase name="testCrudOperations" classname="com.dailydash.service.TaskDataServiceTest" time="0.016"/>
  <testcase name="testProjectsCrud" classname="com.dailydash.service.TaskDataServiceTest" time="0.013"/>
</testsuite>